TN:
SF:tests/testSetup.js
FN:6,(anonymous_0)
FN:8,(anonymous_1)
FN:14,(anonymous_2)
FN:30,(anonymous_3)
FN:34,(anonymous_4)
FN:38,(anonymous_5)
FN:39,(anonymous_6)
FN:40,(anonymous_7)
FN:41,(anonymous_8)
FN:53,(anonymous_9)
FN:57,(anonymous_10)
FN:61,(anonymous_11)
FN:62,(anonymous_12)
FN:69,(anonymous_13)
FN:74,(anonymous_14)
FN:76,(anonymous_15)
FN:84,(anonymous_16)
FN:87,(anonymous_17)
FN:99,(anonymous_18)
FN:106,(anonymous_19)
FN:113,(anonymous_20)
FN:114,(anonymous_21)
FN:115,(anonymous_22)
FN:124,(anonymous_23)
FN:125,(anonymous_24)
FN:129,(anonymous_25)
FN:131,(anonymous_26)
FN:136,(anonymous_27)
FN:138,(anonymous_28)
FN:144,(anonymous_29)
FN:146,(anonymous_30)
FN:150,(anonymous_31)
FN:158,(anonymous_32)
FN:168,(anonymous_33)
FN:169,(anonymous_34)
FN:170,(anonymous_35)
FN:176,resetTestState
FN:219,(anonymous_37)
FN:240,(anonymous_38)
FN:241,(anonymous_39)
FN:241,(anonymous_40)
FN:248,(anonymous_41)
FNF:42
FNH:26
FNDA:82,(anonymous_0)
FNDA:0,(anonymous_1)
FNDA:85,(anonymous_2)
FNDA:10,(anonymous_3)
FNDA:1,(anonymous_4)
FNDA:0,(anonymous_5)
FNDA:0,(anonymous_6)
FNDA:213,(anonymous_7)
FNDA:105,(anonymous_8)
FNDA:9,(anonymous_9)
FNDA:1,(anonymous_10)
FNDA:0,(anonymous_11)
FNDA:103,(anonymous_12)
FNDA:5,(anonymous_13)
FNDA:2,(anonymous_14)
FNDA:2,(anonymous_15)
FNDA:212,(anonymous_16)
FNDA:312,(anonymous_17)
FNDA:1,(anonymous_18)
FNDA:1,(anonymous_19)
FNDA:4,(anonymous_20)
FNDA:2,(anonymous_21)
FNDA:0,(anonymous_22)
FNDA:2,(anonymous_23)
FNDA:2,(anonymous_24)
FNDA:0,(anonymous_25)
FNDA:0,(anonymous_26)
FNDA:0,(anonymous_27)
FNDA:0,(anonymous_28)
FNDA:0,(anonymous_29)
FNDA:0,(anonymous_30)
FNDA:0,(anonymous_31)
FNDA:0,(anonymous_32)
FNDA:0,(anonymous_33)
FNDA:0,(anonymous_34)
FNDA:0,(anonymous_35)
FNDA:76,resetTestState
FNDA:70,(anonymous_37)
FNDA:29,(anonymous_38)
FNDA:1,(anonymous_39)
FNDA:1,(anonymous_40)
FNDA:80,(anonymous_41)
DA:2,5
DA:3,5
DA:6,5
DA:7,82
DA:8,0
DA:14,5
DA:15,85
DA:31,10
DA:32,10
DA:35,1
DA:36,1
DA:38,0
DA:39,0
DA:41,213
DA:54,9
DA:55,9
DA:58,1
DA:59,1
DA:61,0
DA:62,103
DA:69,85
DA:70,5
DA:71,5
DA:72,2
DA:73,3
DA:74,2
DA:75,2
DA:76,2
DA:78,5
DA:79,4
DA:84,85
DA:85,212
DA:86,212
DA:87,211
DA:88,312
DA:90,211
DA:92,212
DA:93,108
DA:95,212
DA:99,85
DA:100,1
DA:101,1
DA:106,85
DA:107,1
DA:108,1
DA:113,85
DA:114,4
DA:115,2
DA:116,2
DA:117,0
DA:120,4
DA:124,85
DA:125,85
DA:129,5
DA:131,0
DA:132,0
DA:133,0
DA:134,0
DA:135,0
DA:136,0
DA:137,0
DA:138,0
DA:140,0
DA:144,0
DA:145,0
DA:146,0
DA:147,0
DA:150,0
DA:151,0
DA:154,0
DA:158,0
DA:159,0
DA:160,0
DA:161,0
DA:162,0
DA:164,0
DA:168,0
DA:169,0
DA:170,0
DA:178,76
DA:181,76
DA:182,76
DA:183,76
DA:184,76
DA:189,76
DA:192,76
DA:195,76
DA:196,76
DA:198,76
DA:199,76
DA:203,76
DA:206,76
DA:207,76
DA:208,76
DA:209,76
DA:210,76
DA:215,5
DA:216,5
DA:219,5
DA:220,70
DA:240,5
DA:241,29
DA:245,5
LF:103
LH:73
BRDA:36,0,0,1
BRDA:36,0,1,0
BRDA:59,1,0,1
BRDA:59,1,1,0
BRDA:71,2,0,2
BRDA:71,2,1,3
BRDA:73,3,0,1
BRDA:73,3,1,2
BRDA:75,4,0,1
BRDA:75,4,1,1
BRDA:75,5,0,2
BRDA:75,5,1,1
BRDA:78,6,0,4
BRDA:78,6,1,1
BRDA:78,7,0,5
BRDA:78,7,1,4
BRDA:86,8,0,211
BRDA:86,8,1,1
BRDA:86,9,0,212
BRDA:86,9,1,211
BRDA:92,10,0,108
BRDA:92,10,1,104
BRDA:92,11,0,212
BRDA:92,11,1,108
BRDA:100,12,0,1
BRDA:100,12,1,0
BRDA:100,13,0,1
BRDA:100,13,1,1
BRDA:107,14,0,1
BRDA:107,14,1,0
BRDA:107,15,0,1
BRDA:107,15,1,1
BRDA:116,16,0,0
BRDA:116,16,1,2
BRDA:116,17,0,2
BRDA:116,17,1,0
BRDA:133,18,0,0
BRDA:133,18,1,0
BRDA:135,19,0,0
BRDA:135,19,1,0
BRDA:137,20,0,0
BRDA:137,20,1,0
BRDA:154,21,0,0
BRDA:154,21,1,0
BRDA:160,22,0,0
BRDA:160,22,1,0
BRDA:160,23,0,0
BRDA:160,23,1,0
BRDA:170,24,0,0
BRDA:170,24,1,0
BRDA:181,25,0,76
BRDA:181,25,1,0
BRDA:181,26,0,76
BRDA:181,26,1,76
BRDA:183,27,0,76
BRDA:183,27,1,0
BRDA:195,28,0,76
BRDA:195,28,1,0
BRDA:208,29,0,76
BRDA:208,29,1,0
BRF:60
BRH:36
end_of_record
